{
  "stats": {
    "suites": 1,
    "tests": 1,
    "passes": 1,
    "pending": 0,
    "failures": 0,
    "start": "2021-07-08T22:23:28.588Z",
    "end": "2021-07-08T22:23:44.111Z",
    "duration": 15523,
    "testsRegistered": 1,
    "passPercent": 100,
    "pendingPercent": 0,
    "other": 0,
    "hasOther": false,
    "skipped": 0,
    "hasSkipped": false
  },
  "results": [
    {
      "uuid": "663cad01-c4e4-44a7-be08-a4cb27d24eb6",
      "title": "",
      "fullFile": "cypress/integration/cadastro-usuario.spec.js",
      "file": "cypress/integration/cadastro-usuario.spec.js",
      "beforeHooks": [],
      "afterHooks": [],
      "tests": [],
      "suites": [
        {
          "uuid": "3b88b5e9-8d8d-4126-b7cd-95243ac408e0",
          "title": "Cadastro",
          "fullFile": "",
          "file": "",
          "beforeHooks": [],
          "afterHooks": [],
          "tests": [
            {
              "title": "Cadastro  de usuário",
              "fullTitle": "Cadastro Cadastro  de usuário",
              "timedOut": null,
              "duration": 15479,
              "state": "passed",
              "speed": "slow",
              "pass": true,
              "fail": false,
              "pending": false,
              "context": null,
              "code": "//Acessando o site\ncy.visit(''); //CLicando no botao para fazer login\ncy.get('a[title =\"Log in to your customer account\"]').click(); // Informando o e-mail\ncy.get('input#email_create').type(email); // Clicando no botão Create\ncy.get('button#SubmitCreate').click(); // Informando os campos obrigatórios - PERSONAL INFORMATION\ncy.get('input#id_gender1', {\n  timeout: 10000\n}).should('be.visible');\ncy.get('input#id_gender1').click(); //Informando genero masculino\ncy.get('input#customer_firstname').type(firstName); //Informando primeiro nome\ncy.get('input#customer_lastname').type(lastName); //Informando sobrenome\n//cy.get('input#email').type(email); //Informando o e-mail\ncy.get('input#passwd').type('123456'); // Informando os campos obrigatórios - YOUR ADDRESS\ncy.get('#firstname').type(firstName);\ncy.get('#lastname').type(lastName);\ncy.get('#address1').type(chance.address());\ncy.get('#city').type(chance.city());\ncy.get('select#id_state').select('Colorado');\ncy.get('#postcode').type(chance.zip());\ncy.get('#phone_mobile').type(chance.phone()); // Clicar botão salvar\ncy.get('button#submitAccount').click(); // Validando cadastro com sucesso\ncy.get('.info-account').should('have.text', 'Welcome to your account. Here you can manage all of your personal information and orders.');",
              "err": {},
              "uuid": "1444dd45-99b4-4686-942a-42d91b7b8d4d",
              "parentUUID": "3b88b5e9-8d8d-4126-b7cd-95243ac408e0",
              "isHook": false,
              "skipped": false
            }
          ],
          "suites": [],
          "passes": [
            "1444dd45-99b4-4686-942a-42d91b7b8d4d"
          ],
          "failures": [],
          "pending": [],
          "skipped": [],
          "duration": 15479,
          "root": false,
          "rootEmpty": false,
          "_timeout": 2000
        }
      ],
      "passes": [],
      "failures": [],
      "pending": [],
      "skipped": [],
      "duration": 0,
      "root": true,
      "rootEmpty": true,
      "_timeout": 2000
    }
  ],
  "meta": {
    "mocha": {
      "version": "7.0.1"
    },
    "mochawesome": {
      "options": {
        "quiet": true,
        "reportFilename": "mochawesome",
        "saveHtml": true,
        "saveJson": true,
        "consoleReporter": "spec",
        "useInlineDiffs": false,
        "code": true
      },
      "version": "6.2.2"
    },
    "marge": {
      "options": {
        "id": "default",
        "reportDir": "mochawesome-report",
        "quiet": true,
        "overwrite": false,
        "html": true,
        "json": true
      },
      "version": "5.2.0"
    }
  }
}